[    0.000000] Linux version 4.15.0-45-generic (buildd@lgw01-amd64-031) (gcc version 7.3.0 (Ubuntu 7.3.0-16ubuntu3)) #48-Ubuntu SMP Tue Jan 29 16:28:13 UTC 2019 (Ubuntu 4.15.0-45.48-generic 4.15.18)
[    0.000000] Command line: BOOT_IMAGE=/boot/vmlinuz-4.15.0-45-generic root=LABEL=cloudimg-rootfs ro console=tty1 console=ttyS0
[    0.000000] KERNEL supported cpus:
[    0.000000]   Intel GenuineIntel
[    0.000000]   AMD AuthenticAMD
[    0.000000]   Centaur CentaurHauls
[    0.000000] x86/fpu: Supporting XSAVE feature 0x001: 'x87 floating point registers'
[    0.000000] x86/fpu: Supporting XSAVE feature 0x002: 'SSE registers'
[    0.000000] x86/fpu: Supporting XSAVE feature 0x004: 'AVX registers'
[    0.000000] x86/fpu: xstate_offset[2]:  576, xstate_sizes[2]:  256
[    0.000000] x86/fpu: Enabled xstate features 0x7, context size is 832 bytes, using 'standard' format.
[    0.000000] e820: BIOS-provided physical RAM map:
[    0.000000] BIOS-e820: [mem 0x0000000000000000-0x000000000009fbff] usable
[    0.000000] BIOS-e820: [mem 0x000000000009fc00-0x000000000009ffff] reserved
[    0.000000] BIOS-e820: [mem 0x00000000000f0000-0x00000000000fffff] reserved
[   0.000000] BIOS-e820: [mem 0x0000000000100000-0x000000007ffeffff] usable
[    0.000000] BIOS-e820: [mem 0x000000007fff0000-0x000000007fffffff] ACPI data
[    0.000000] BIOS-e820: [mem 0x00000000fec00000-0x00000000fec00fff] reserved
[    0.000000] BIOS-e820: [mem 0x00000000fee00000-0x00000000fee00fff] reserved
[    0.000000] BIOS-e820: [mem 0x00000000fffc0000-0x00000000ffffffff] reserved
[    0.000000] NX (Execute Disable) protection: active
[    0.000000] SMBIOS 2.5 present.
[    0.000000] DMI: innotek GmbH VirtualBox/VirtualBox, BIOS VirtualBox 12/01/2006
[    0.000000] Hypervisor detected: KVM
[    0.000000] e820: last_pfn = 0x7fff0 max_arch_pfn = 0x400000000
[    0.000000] MTRR: Disabled
[    0.000000] x86/PAT: MTRRs disabled, skipping PAT initialization too.
[    0.000000] CPU MTRRs all blank - virtualized system.
[    0.000000] x86/PAT: Configuration [0-7]: WB  WT  UC- UC  WB  WT  UC- UC  
[    0.000000] found SMP MP-table at [mem 0x0009fff0-0x0009ffff] mapped at [        (ptrval)]
[    0.000000] Scanning 1 areas for low memory corruption
[    0.000000] RAMDISK: [mem 0x35adf000-0x36d66fff]
[    0.000000] ACPI: Early table checksum verification disabled
[    0.000000] ACPI: RSDP 0x00000000000E0000 000024 (v02 VBOX  )
[    0.000000] ACPI: XSDT 0x000000007FFF0030 00003C (v01 VBOX   VBOXXSDT 00000001 ASL  00000061)
[    0.000000] ACPI: FACP 0x000000007FFF00F0 0000F4 (v04 VBOX   VBOXFACP 00000001 ASL  00000061)
[    0.000000] ACPI: DSDT 0x000000007FFF0470 0021FF (v02 VBOX   VBOXBIOS 00000002 INTL 20180105)
[    0.000000] ACPI: FACS 0x000000007FFF0200 000040
[    0.000000] ACPI: FACS 0x000000007FFF0200 000040
[    0.000000] ACPI: APIC 0x000000007FFF0240 00005C (v02 VBOX   VBOXAPIC 00000001 ASL  00000061)
[    0.000000] ACPI: SSDT 0x000000007FFF02A0 0001CC (v01 VBOX   VBOXCPUT 00000002 INTL 20180105)
[    0.000000] No NUMA configuration found
[    0.000000] Faking a node at [mem 0x0000000000000000-0x000000007ffeffff]
[    0.000000] NODE_DATA(0) allocated [mem 0x7ffc5000-0x7ffeffff]
[    0.000000] kvm-clock: cpu 0, msr 0:7ff44001, primary cpu clock
[    .000000] kvm-clock: Using msrs 4b564d01 and 4b564d00
[    0.000000] kvm-clock: using sched offset of 3635867297 cycles
[    0.000000] clocksource: kvm-clock: mask: 0xffffffffffffffff max_cycles: 0x1cd42e4dffb, max_idle_ns: 881590591483 ns
[    0.000000] Zone ranges:
[    0.000000]   DMA      [mem 0x0000000000001000-0x0000000000ffffff]
[    0.000000]   DMA32    [mem 0x0000000001000000-0x000000007ffeffff]
[    0.000000]   Normal   empty
[    0.000000]   Device   empty
[    0.000000] Movable zone start for each node
[    0.000000] Early memory node ranges
[    0.000000]   node   0: [mem 0x0000000000001000-0x000000000009efff]
[    0.000000]   node   0: [mem 0x0000000000100000-0x000000007ffeffff]
[    0.000000] Reserved but unavailable: 114 pages
[    0.000000] Initmem setup node 0 [mem 0x0000000000001000-0x000000007ffeffff]
[    0.000000] ACPI: PM-Timer IO Port: 0x4008
[    0.000000] IOAPIC[0]: apic_id 2, version 32, address 0xfec00000, GSI 0-23
[    0.000000] ACPI: INT_SRC_OVR (bus 0 bus_irq 0 global_irq 2 dfl dfl)
[    0.000000] ACPI: INT_SRC_OVR (bus 0 bus_irq 9 global_irq 9 low level)
[    0.000000] Using ACPI (MADT) for SMP configuration information
[    0.000000] smpboot: Allowing 2 CPUs, 0 hotplug CPUs
[    0.000000] PM: Registered nosave memory: [mem 0x00000000-0x00000fff]
[    0.000000] PM: Registered nosave memory: [mem 0x0009f000-0x0009ffff]
[    0.000000] PM: Registered nosave memory: [mem 0x000a0000-0x000effff]
[    0.000000] PM: Registered nosave memory: [mem 0x000f0000-0x000fffff]
[    0.000000] e820: [mem 0x80000000-0xfebfffff] available for PCI devices
[    0.000000] Booting paravirtualized kernel on KVM
[    0.000000] clocksource: refined-jiffies: mask: 0xffffffff max_cycles: 0xffffffff, max_idle_ns: 7645519600211568 ns
[    0.000000] random: get_random_bytes called from start_kernel+0x99/0x4fd with crng_init=0
[    0.000000] setup_percpu: NR_CPUS:8192 nr_cpumask_bits:2 nr_cpu_ids:2 nr_node_ids:1
[    0.000000] percpu: Embedded 46 pages/cpu @        (ptrval) s151552 r8192 d28672 u1048576
[    0.000000] PV qspinlock hash table entries: 256 (order: 0, 4096 bytes)
[    0.000000] Built 1 zonelists, mobility grouping on.  Total pages: 515961
[    0.000000] Policy zone: DMA32
[    0.000000] Kernel command line: BOOT_IMAGE=/boot/vmlinuz-4.15.0-45-generic root=LABEL=cloudimg-rootfs ro console=tty1 console=ttyS0
[    0.000000] Memory: 2015800K/2096696K available (12300K kernel code, 2473K rwdata, 4252K rodata, 2408K init, 2416K bss, 80896K reserved, 0K cma-reserved)
[    0.000000] SLUB: HWalign=64, Order=0-3, MinObjects=0, CPUs=2, Nodes=1
[    0.000000] Kernel/User page tables isolation: enabled
[    0.000000] ftrace: allocating 39194 entries in 154 pages
[    0.004000] Hierarchical RCU implementation.
[    0.004000] 	RCU restricting CPUs from NR_CPUS=8192 to nr_cpu_ids=2.
[    0.004000] 	Tasks RCU enabled.
[    0.004000] RCU: Adjusting geometry for rcu_fanout_leaf=16, nr_cpu_ids=2
[    0.004000] NR_IRQS: 524544, nr_irqs: 440, preallocated irqs: 16
[    0.004000] Console: colour VGA+ 80x25
[    0.004000] console [tty1] enabled
[    0.004000] console [ttyS0] enabled
[    0.004000] ACPI: Core revision 20170831
[    0.004000] ACPI: 2 ACPI AML tables successfully acquired and loaded
[    0.004000] APIC: Switch to symmetric I/O mode setup
[    0.004000] x2apic enabled
[    0.004010] Switched APIC routing to physical x2apic.
[    0.007859] ..TIMER: vector=0x30 apic1=0 pin1=2 apic2=-1 pin2=-1
[    0.008007] tsc: Detected 1696.094 MHz processor
[    0.012022] Calibrating delay loop (skipped) preset value.. 3392.18 BogoMIPS (lpj=6784376)
[    0.016007] pid_max: default: 32768 minimum: 301
[    0.018040] Security Framework initialized
[    0.020006] Yama: becoming mindful.
[    0.024048] AppArmor: AppArmor initialized
[    0.028265] Dentry cache hash table entries: 262144 (order: 9, 2097152 bytes)
[    0.032097] Inode-cache hash table entries: 131072 (order: 8, 1048576 bytes)
[    0.036044] Mount-cache hash table entries: 4096 (order: 3, 32768 bytes)
[    0.040019] Mountpoint-cache hash table entries: 4096 (order: 3, 32768 bytes)
[    0.044418] mce: CPU supports 0 MCE banks
[    0.048033] Last level iTLB entries: 4KB 1024, 2MB 1024, 4MB 1024
[    0.052005] Last level dTLB entries: 4KB 1024, 2MB 1024, 4MB 1024, 1GB 4
[    0.054718] Spectre V2 : Mitigation: Full generic retpoline
[    0.056003] Spectre V2 : Spectre v2 / SpectreRSB mitigation: Filling RSB on context switch
[    0.060005] Speculative Store Bypass: Vulnerable
[    0.064153] Freeing SMP alternatives memory: 36K
[    0.072000] smpboot: CPU0: Intel(R) Core(TM) i3-4010U CPU @ 1.70GHz (family: 0x6, model: 0x45, stepping: 0x1)
[    0.072126] Performance Events: unsupported p6 CPU model 69 no PMU driver, software events only.
[    0.076059] Hierarchical SRCU implementation.
[    0.080484] NMI watchdog: Perf event create on CPU 0 failed with -2
[    0.084006] NMI watchdog: Perf NMI watchdog permanently disabled
[    0.088089] smp: Bringing up secondary CPUs ...
[    0.092152] x86: Booting SMP configuration:
[    0.094223] .... node  #0, CPUs:      #1
[    0.004000] kvm-clock: cpu 1, msr 0:7ff44041, secondary cpu clock
[    0.004000] mce: CPU supports 0 MCE banks
[    0.119202] smp: Brought up 1 node, 2 CPUs
[    0.120009] smpboot: Max logical packages: 1
[    0.124009] smpboot: Total of 2 processors activated (6784.37 BogoMIPS)
[    0.128298] devtmpfs: initialized
[    0.129597] x86/mm: Memory block size: 128MB
[    0.132388] evm: security.selinux
[    0.134024] evm: security.SMACK64
[    0.136091] evm: security.SMACK64EXEC
[    0.140006] evm: security.SMACK64TRANSMUTE
[    0.141734] evm: security.SMACK64MMAP
[    0.143331] evm: security.apparmor
[    0.144004] evm: security.ima
[    0.145341] evm: security.capability
[    0.148197] clocksource: jiffies: mask: 0xffffffff max_cycles: 0xffffffff, max_idle_ns: 7645041785100000 ns
[    0.152018] futex hash table entries: 512 (order: 3, 32768 bytes)
[    0.154884] pinctrl core: initialized pinctrl subsystem
[    0.156196] RTC time:  9:46:52, date: 02/18/19
[    0.158282] NET: Registered protocol family 16
[    0.160179] audit: initializing netlink subsys (disabled)
[    0.162570] audit: type=2000 audit(1550483217.179:1): state=initialized audit_enabled=0 res=1
[    0.180017] cpuidle: using governor ladder
[    0.182079] cpuidle: using governor menu
[    0.184081] ACPI: bus type PCI registered
[    0.186154] acpiphp: ACPI Hot Plug PCI Controller Driver version: 0.5
[    0.188229] PCI: Using configuration type 1 for base access
[    0.200099] HugeTLB registered 2.00 MiB page size, pre-allocated 0 pages
[    0.204146] ACPI: Added _OSI(Module Device)
[    0.208023] ACPI: Added _OSI(Processor Device)
[    0.210222] ACPI: Added _OSI(3.0 _SCP Extensions)
[    0.212007] ACPI: Added _OSI(Processor Aggregator Device)
[    0.216032] ACPI: Added _OSI(Linux-Dell-Video)
[    0.218153] ACPI: Added _OSI(Linux-Lenovo-NV-HDMI-Audio)
[    0.220016] ACPI: Added _OSI(Linux-HPI-Hybrid-Graphics)
[    0.222991] ACPI: Executed 1 blocks of module-level executable AML code
[    0.238177] ACPI: Interpreter enabled
[    0.240044] ACPI: (supports S0 S5)
[    0.244009] ACPI: Using IOAPIC for interrupt routing
[    0.247331] PCI: Using host bridge windows from ACPI; if necessary, use "pci=nocrs" and report a bug
[    0.248331] ACPI: Enabled 2 GPEs in block 00 to 07
[    0.268273] ACPI: PCI Root Bridge [PCI0] (domain 0000 [bus 00-ff])
[    0.272025] acpi PNP0A03:00: _OSC: OS supports [ASPM ClockPM Segments MSI]
[    0.276069] acpi PNP0A03:00: _OSC: not requesting OS control; OS requires [ExtendedConfig ASPM ClockPM MSI]
[    0.280037] acpi PNP0A03:00: fail to add MMCONFIG information, can't access extended PCI configuration space under this bridge.
[    0.284594] PCI host bridge to bus 0000:00
[    0.288009] pci_bus 0000:00: root bus resource [io  0x0000-0x0cf7 window]
[    0.292010] pci_bus 0000:00: root bus resource [io  0x0d00-0xffff window]
[    0.296012] pci_bus 0000:00: root bus resource [mem 0x000a0000-0x000bffff window]
[    0.300009] pci_bus 0000:00: root bus resource [mem 0x80000000-0xfdffffff window]
[    0.304014] pci_bus 0000:00: root bus resource [bus 00-ff]
[    0.312086] pci 0000:00:01.1: legacy IDE quirk: reg 0x10: [io  0x01f0-0x01f7]
[    0.316009] pci 0000:00:01.1: legacy IDE quirk: reg 0x14: [io  0x03f6]
[    0.318724] pci 0000:00:01.1: legacy IDE quirk: reg 0x18: [io  0x0170-0x0177]
[    0.320006] pci 0000:00:01.1: legacy IDE quirk: reg 0x1c: [io  0x0376]
[    0.360139] pci 0000:00:07.0: quirk: [io  0x4000-0x403f] claimed by PIIX4 ACPI
[    0.364045] pci 0000:00:07.0: quirk: [io  0x4100-0x410f] claimed by PIIX4 SMB
[    0.382501] ACPI: PCI Interrupt Link [LNKA] (IRQs 5 9 10 *11)
[    0.384761] ACPI: PCI Interrupt Link [LNKB] (IRQs 5 9 *10 11)
[    0.388184] ACPI: PCI Interrupt Link [LNKC] (IRQs 5 *9 10 11)
[    0.392337] ACPI: PCI Interrupt Link [LNKD] (IRQs 5 9 10 *11)
[    0.396715] SCSI subsystem initialized
[    0.400089] pci 0000:00:02.0: vgaarb: setting as boot VGA device
[    0.404000] pci 0000:00:02.0: vgaarb: VGA device added: decodes=io+mem,owns=io+mem,locks=none
[    0.404015] pci 0000:00:02.0: vgaarb: bridge control possible
[    0.408009] vgaarb: loaded
[    0.409706] ACPI: bus type USB registered
[    0.411560] usbcore: registered new interface driver usbfs
[    0.412022] usbcore: registered new interface driver hub
[    0.416043] usbcore: registered new device driver usb
[    0.418615] EDAC MC: Ver: 3.0.0
[    0.420315] PCI: Using ACPI for IRQ routing
[    0.424028] NetLabel: Initializing
[    0.428007] NetLabel:  domain hash size = 128
[    0.432003] NetLabel:  protocols = UNLABELED CIPSOv4 CALIPSO
[    0.434741] NetLabel:  unlabeled traffic allowed by default
[    0.436165] clocksource: Switched to clocksource kvm-clock
[    0.457720] VFS: Disk quotas dquot_6.6.0
[    0.461723] VFS: Dquot-cache hash table entries: 512 (order 0, 4096 bytes)[    0.526876] AppArmor: AppArmor Filesystem Enabled
[    0.560372] pnp: PnP ACPI init
[    0.563284] pnp: PnP ACPI: found 3 devices

[    0.576843] clocksource: acpi_pm: mask: 0xffffff max_cycles: 0xffffff, max_idle_ns: 2085701024 ns
[    0.580824] NET: Registered protocol family 2
[    0.583018] TCP established hash table entries: 16384 (order: 5, 131072 bytes)
[    0.586572] TCP bind hash table entries: 16384 (order: 6, 262144 bytes)
[    0.590501] TCP: Hash tables configured (established 16384 bind 16384)
[    0.593872] UDP hash table entries: 1024 (order: 3, 32768 bytes)
[    0.596746] UDP-Lite hash table entries: 1024 (order: 3, 32768 bytes)
[    0.599857] NET: Registered protocol family 1
[    0.6149] pci 0000:00:00.0: Limiting direct PCI/PCI transfers
[    0.668447] pci 0000:00:01.0: Activating ISA DMA hang workarounds
[    0.671043] pci 0000:00:02.0: Video device with shadowed ROM at [mem 0x000c0000-0x000dffff]
[   .674756] Unpacking initramfs...

[    1.2210] Freing initrd memory: 18976
[    1.373121] platform rtc_cmos: registered platform RTC device (no PNP device found)
[    1.376725] Scanning for low memory corruption every 60 seconds

[    1.380860] Initialise system trusted keyrings
[    1.383037] Key type blacklist registered
[    1.384937] workingset: timestamp_bits=36 max_order=19 bucket_order=0
[    1.389578] zbud: loaded
[    1.391503] squashfs: version 4.0 (2009/01/31) Phillip Lougher
[    1.394801] fuse init (API version 7.26)
[    1.401556] Key type asymmetric registered
[    1.403457] Asymmetric key parser 'x509' registered
[    1.405834] Block layer SCSI generic (bsg) driver version 0.4 loaded (major 246)
[    1.409685] io scheduler noop registered
[    1.411643] io scheduler deadline registered
[    1.413786] io scheduler cfq registered (default)
[    1.416570] ACPI: AC Adapter [AC] (on-line)
[    1.418780] input: Power Button as /devices/LNXSYSTM:00/LNXPWRBN:00/input/input0
[    1.423528] ACPI: Power Button [PWRF]
[    1.425537] input: Sleep Button as /devices/LNXSYSTM:00/LNXSLPBN:00/input/input1
[    1.438943] ACPI: Sleep Button [SLPF]
[    1.443299] virtio-pci 0000:00:03.0: virtio_pci: leaving for legacy driver
[    1.446200] ACPI: Battery Slot [BAT0] (battery present)
[    1.454506] Serial: 8250/16550 driver, 32 ports, IRQ sharing enabled
[    1.481028] 00:02: ttyS0 at I/O 0x3f8 (irq = 4, base_baud = 115200) is a 16550A
[    1.503823] Linux agpgart interface v0.103
[    1.508340] loop: module loaded
[    1.515420] scsi host0: ata_piix
[    1.517327] scsi host1: ata_piix
[    1.518994] ata1: PATA max UDMA/33 cmd 0x1f0 ctl 0x3f6 bmdma 0xd000 irq 14
[    1.522266] ata2: PATA max UDMA/33 cmd 0x170 ctl 0x376 bmdma 0xd008 irq 15
[    1.526367] libphy: Fixed MDIO Bus: probed
[    1.528478] tun: Universal TUN/TAP device driver, 1.6
[    1.530845] PPP generic driver version 2.4.2
[    1.532836] ehci_hcd: USB 2.0 'Enhanced' Host Controller (EHCI) Driver
[    1.535584] ehci-pci: EHCI PCI platform driver
[    1.545610] ehci-platform: EHCI generic platform driver
[    1.547802] ohci_hcd: USB 1.1 'Open' Host Controller (OHCI) Driver
[    1.550352] ohci-pci: OHCI PCI platform driver
[    1.552241] ohci-platform: OHCI generic platform driver
[    1.560903] uhci_hcd: USB Universal Host Controller Interface driver
[    1.563578] i8042: PNP: PS/2 Controller [PNP0303:PS2K,PNP0f03:PS2M] at 0x60,0x64 irq 1,12
[    1.567580] serio: i8042 KBD port at 0x60,0x64 irq 1
[    1.569927] serio: i8042 AUX port at 0x60,0x64 irq 12
[    1.578504] mousedev: PS/2 mouse device common for all mice
[    1.581735] input: AT Translated Set 2 keyboard as /devices/platform/i8042/serio0/input/input2
[    1.586540] rtc_cmos rtc_cmos: rtc core: registered rtc_cmos as rtc0
[    1.601437] rtc_cmos rtc_cmos: alarms up to one day, 114 bytes nvram
[    1.630320] i2c /dev entries driver
[    1.649312] pcie_mp2_amd: AMD(R) PCI-E MP2 Communication Driver Version: 1.0
[    1.652697] device-mapper: uevent: version 1.0.3
[    1.654708] device-mapper: ioctl: 4.37.0-ioctl (2017-09-20) initialised: dm-devel@redhat.com
[    1.658597] ledtrig-cpu: registered to indicate activity on CPUs
[    1.670949] NET: Registered protocol family 10
[    1.680912] Segment Routing with IPv6
[    1.683277] NET: Registered protocol family 17
[    1.686122] Key type dns_resolver registered
[    1.689628] RAS: Correctable Errors collector initialized.
[    1.700663] sched_clock: Marking stable (1700619858, 0)->(2722093815, -1021473957)
[    1.704547] registered taskstats version 1
[    1.736091] Loading compiled-in X.509 certificates
[    1.742523] Loaded X.509 cert 'Build time autogenerated kernel key: e3b8f44ffaaceef3e3a84cfaebd8e5a9acebeaad'
[    1.747496] zswap: loaded using pool lzo/zbud
[    1.785315] Key type big_key registered
[    1.787340] Key type trusted registered
[    1.792229] Key type encrypted registered
[    1.794433] AppArmor: AppArmor sha1 policy hashing enabled
[    1.797554] ima: No TPM chip found, activating TPM-bypass! (rc=-19)
[    1.800721] ima: Allocated hash algorithm: sha1
[    1.803150] evm: HMAC attrs: 0x1
[    1.804930]   Magic number: 7:516:778
[    1.807147] rtc_cmos rtc_cmos: setting system clock to 2019-02-18 09:46:54 UTC (1550483214)
[    1.816760] BIOS EDD facility v0.16 2004-Jun-25, 0 devices found
[    1.819234] EDD information not available.
[    1.825690] Freeing unused kernel memory: 2408K
[    1.852287] Write protecting the kernel read-only data: 20480k
[    1.891563] Freeing unused kernel memory: 2008K
[    1.899780] Freeing unused kernel memory: 1892K
[    1.939156] x86/mm: Checked W+X mappings: passed, no W+X pages found.
[    1.950985] x86/mm: Checking user space page tables
[    1.961903] x86/mm: Checked W+X mappings: passed, no W+X pages found.
Loading, please wait...
starting version 237
[    2.103905] Fusion MPT base driver 3.04.20
[    2.110511] Copyright (c) 1999-2008 LSI Corporation
[    2.118445] Fusion MPT SPI Host driver 3.04.20
[    2.123218] mptbase: ioc0: Initiating bringup
[    2.155845] AVX2 version of gcm_enc/dec engaged.
[    2.159543] AES CTR mode by8 optimization enabled
[    2.173546] virtio_net virtio0 enp0s3: renamed from eth0
[    2.229050] ioc0: LSI53C1030 A0: Capabilities={Initiator}
[    2.337475] input: ImExPS/2 Generic Explorer Mouse as /devices/platform/i8042/serio1/input/input4
[    2.408566] tsc: Refined TSC clocksource calibration: 1700.440 MHz
[    2.973676] clocksource: tsc: mask: 0xffffffffffffffff max_cycles: 0x1882c6f23d4, max_idle_ns: 440795262726 ns
[    3.119833] scsi host2: ioc0: LSI53C1030 A0, FwRev=00000000h, Ports=1, MaxQ=256, IRQ=20
[    3.348991] scsi 2:0:0:0: Direct-Access     VBOX     HARDDISK         1.0  PQ: 0 ANSI: 5
[    3.396230] scsi target2:0:0: Beginning Domain Validation
[    3.411554] scsi target2:0:0: Domain Validation skipping write tests
[    3.414209] scsi target2:0:0: Ending Domain Validation
[    3.416650] scsi target2:0:0: asynchronous
[    3.418886] random: fast init done
[    3.420454] scsi 2:0:1:0: Direct-Access     VBOX     HARDDISK         1.0  PQ: 0 ANSI: 5
[    3.492168] scsi target2:0:1: Beginning Domain Validation
[    3.590557] scsi target2:0:1: Domain Validation skipping write tests
[    3.593211] scsi target2:0:1: Ending Domain Validation
[    3.595723] scsi target2:0:1: asynchronous
[    3.605051] random: systemd-udevd: uninitialized urandom read (16 bytes read)
[    3.605501] sd 2:0:0:0: [sda] 20971520 512-byte logical blocks: (10.7 GB/10.0 GiB)
[    3.605580] sd 2:0:0:0: [sda] Write Protect is off
[    3.605731] sd 2:0:0:0: Attached scsi generic sg0 type 0
[    3.605947] sd 2:0:0:0: [sda] Incomplete mode parameter data
[    3.605950] sd 2:0:0:0: [sda] Assuming drive cache: write through
[    3.606231] sd 2:0:1:0: Attached scsi generic sg1 type 0
[    3.610773] sd 2:0:1:0: [sdb] 20480 512-byte logical blocks: (10.5 MB/10.0 MiB)
[    3.611292] sd 2:0:1:0: [sdb] Write Protect is off
[    3.611468] sd 2:0:1:0: [sdb] Incomplete mode parameter data
[    3.611470] sd 2:0:1:0: [sdb] Assuming drive cache: write through
[    3.612193]  sda: sda1
[    3.613396] sd 2:0:0:0: [sda] Attached SCSI disk
[    3.613901] sd 2:0:1:0: [sdb] Attached SCSI disk
[    3.702234] random: systemd-udevd: uninitialized urandom read (16 bytes read)
[    3.711793] random: systemd-udevd: uninitialized urandom read (16 bytes read)
Begin: Loading essential drivers ... [    5.458460] raid6: sse2x1   gen()  6185 MB/s
[    5.528428] raid6: sse2x1   xor()  4236 MB/s
[    5.588412] raid6: sse2x2   gen()  6381 MB/s
[    5.636183] raid6: sse2x2   xor()  4213 MB/s
[    5.724479] raid6: sse2x4   gen()  7569 MB/s
[    5.796050] raid6: sse2x4   xor()  3636 MB/s
[    5.848436] raid6: avx2x1   gen()  8540 MB/s
[    5.928285] raid6: avx2x1   xor()  7002 MB/s
[    5.988406] raid6: avx2x2   gen() 12336 MB/s
[    6.056700] raid6: avx2x2   xor()  7469 MB/s
[    6.107442] raid6: avx2x4   gen() 15102 MB/s
[    6.158592] raid6: avx2x4   xor()  9057 MB/s
[    6.160953] raid6: using algorithm avx2x4 gen() 15102 MB/s
[    6.163519] raid6: .... xor() 9057 MB/s, rmw enabled
[    6.165976] raid6: using avx2x2 recovery algorithm
[    6.181217] xor: automatically using best checksumming function   avx       
[    6.186280] async_tx: api initialized (async)
done.
Begin: Running /scripts/init-premount ... done.
Begin: Mounting root file system ... Begin: Running /scripts/local-top ... done.
Begin: Running /scripts/local-premount ... [    6.273554] Btrfs loaded, crc32c=crc32c-intel
Scanning for Btrfs filesystems
done.
Warning: fsck not present, so sk[    6.315901] EXT4-fs (sda1): INFO: recovery required on readonly filesystem
ipping root file system
[    6.320747] EXT4-fs (sda1): write access will be enabled during recovery
[    6.404528] EXT4-fs (sda1): orphan cleanup on readonly fs
[    6.418007] EXT4-fs (sda1): 5 orphan inodes deleted
[    6.420208] EXT4-fs (sda1): recovery complete
[    6.428543] EXT4-fs (sda1): mounted filesystem with ordered data mode. Opts: (null)
done.
Begin: Running /scripts/local-bottom ... done.
Begin: Running /scripts/init-bottom ... done.
[    6.598922] ip_tables: (C) 2000-2006 Netfilter Core Team
[    6.607911] systemd[1]: systemd 237 running in system mode. (+PAM +AUDIT +SELINUX +IMA +APPARMOR +SMACK +SYSVINIT +UTMP +LIBCRYPTSETUP +GCRYPT +GNUTLS +ACL +XZ +LZ4 +SECCOMP +BLKID +ELFUTILS +KMOD -IDN2 +IDN -PCRE2 default-hierarchy=hybrid)
[    6.667862] systemd[1]: Detected virtualization oracle.
[    6.670342] systemd[1]: Detected architecture x86-64.

Welcome to [1mUbuntu 18.04.2 LTS[0m!

[    6.698205] systemd[1]: Set hostname to <ubuntu-bionic>.
[    6.937686] systemd[1]: Reached target System Time Synchronized.
[[0;32m  OK  [0m] Reached target System Time Synchronized.
[    6.969621] systemd[1]: Started Forward Password Requests to Wall Directory Watch.
[[0;32m  OK  [0m] Started Forward Password Requests to Wall Directory Watch.
[    7.012630] systemd[1]: Set up automount Arbitrary Executable File Formats File System Automount Point.
[[0;32m  OK  [0m] Set up automount Arbitrary Executab…rmats File System Automount Point.
[    7.025172] systemd[1]: Created slice System Slice.
[[0;32m  OK  [0m] Created slice System Slice.
[    7.031752] systemd[1]: Listening on Journal Audit Socket.
[[0;32m  OK  [0m] Listening on Journal Audit Socket.
[    7.046567] systemd[1]: Listening on Journal Socket (/dev/log).
[[0;32m  OK  [0m] Listening on Journal Socket (/dev/log).
[[0;32m  OK  [0m] Created slice system-serial\x2dgetty.slice.
[[0;32m  OK  [0m] Listening on Network Service Netlink Socket.
[[0;32m  OK  [0m] Listening on udev Control Socket.
[[0;32m  OK  [0m] Listening on /dev/initctl Compatibility Named Pipe.
[[0;32m  OK  [0m] Listening on Journal Socket.
         Starting Remount Root and Kernel File Systems...
         Mounting Huge Pages File System...
         Starting Set the console keyboard layout...
         Starting Load Kernel Modules...
[[0;32m  OK  [0m] Listening on LVM2 metadata daemon socket.
         Mounting POSIX Message Queue File System...
[[0;32m  OK  [0m] Listening on Device-mapper event daemon FIFOs.
[    7.182880] Loading iSCSI transport class v2.0-870.
         Starting Monitoring of LVM2 mirrors…ng dmeventd or progress po[    7.194290] iscsi: registered transport (tcp)
lling...
[[0;32m  OK  [0m] Listening on LVM2 poll daemon socket.
[    7.261270] iscsi: registered transport (iser)
[    7.266913] EXT4-fs (sda1): re-mounted. Opts: (null)
         Starting Create list of required st…ce nodes for the current kernel...
[[0;32m  OK  [0m] Listening on Syslog Socket.
         Starting Journal Service...
[[0;32m  OK  [0m] Created slice User and Session Slice.
[[0;32m  OK  [0m] Reached target Slices.
         Starting Uncomplicated firewall...
[[0;32m  OK  [0m] Reached target Swap.
[[0;32m  OK  [0m] Reached target User and Group Name Lookups.
         Mounting Kernel Debug File System...
[[0;32m  OK  [0m] Listening on udev Kernel Socket.
         Starting udev Coldplug all Devices...
[[0;32m  OK  [0m] Started Remount Root and Kernel File Systems.
[[0;32m  OK  [0m] Mounted Huge Pages File System.
[[0;32m  OK  [0m] Started Load Kernel Modules.
[[0;32m  OK  [0m] Mounted POSIX Message Queue File System.
[[0;32m  OK  [0m] Started Create list of required sta…vice nodes for the current kernel.
[[0;32m  OK  [0m] Started Uncomplicated firewall.
[[0;32m  OK  [0m] Started Journal Service.
[[0;32m  OK  [0m] Mounted Kernel Debug File System.
[[0;32m  OK  [0m] Started LVM2 metadata daemon.
         Starting Create Static Device Nodes in /dev...
         Mounting FUSE Control File System...
         Mounting Kernel Configuration File System...
         Starting Apply Kernel Variables...
         Starting Flush Journal to Persistent Storage...
         Starting Initial cloud-init job (pre-networking)...
         Starting Load/Save Random Seed...
[[0;32m  OK  [0m] Started Set the console keyboard layout.
[[0;32m  OK  [0m] Started Monitoring of LVM2 mirrors,…sing dmeventd or progress polling.
[[0;32m  OK  [0m] Started udev Coldplug all Devices.
[[0;32m  OK  [0m] Started Create Static Device Nodes in /dev.
[[0;32m  OK  [0m] Mounted FUSE Control File System.
[[0;32m  OK  [0m] Mounted Kernel Configuration File System.
[[0;32m  OK  [0m] Started Apply Kernel Variables.
[[0;32m  OK  [0m] Started Load/Save Random Seed.
         Starting udev Kernel Device Manager...
[[0;32m  OK  [0m] Reached target Local File Systems (Pre).
[[0;32m  OK  [0m] Reached target Local File Systems.
         Starting ebtables ruleset management...
         Starting AppArmor initialization...
         Starting Set console font and keymap...
         Starting Tell Plymouth To Write Out Runtime Data...
[[0;32m  OK  [0m] Started udev Kernel Device Manager.
[[0;32m  OK  [0m] Started Dispatch Password Requests to Console Directory Watch.
[[0;32m  OK  [0m] Reached target Local Encrypted Volumes.
[[0;32m  OK  [0m] Started Set console font and keymap.
[[0;32m  OK  [0m] Started Tell Plymouth To Write Out Runtime Data.
[[0;32m  OK  [0m] Started ebtables ruleset management.
[[0;32m  OK  [0m] Started Flush Journal to Persistent Storage.
         Starting Create Volatile Files and Directories...
[[0;32m  OK  [0m] Started Create Volatile Files and Directories.
         Starting Update UTMP about System Boot/Shutdown...
[[0;32m  OK  [0m] Started Update UTMP about System Boot/Shutdown.
[[0;32m  OK  [0m] Found device /dev/ttyS0.
[[0;32m  OK  [0m] Listening on Load/Save RF Kill Switch Status /dev/rfkill Watch.
[[0;32m  OK  [0m] Started AppArmor initialization.
[    9.859972] cloud-init[415]: Cloud-init v. 18.4-0ubuntu1~18.04.1 running 'init-local' at Mon, 18 Feb 2019 09:47:02 +0000. Up 9.55 seconds.
[[0;32m  OK  [0m] Started Initial cloud-init job (pre-networking).
[[0;32m  OK  [0m] Reached target Network (Pre).
         Starting Network Service...
[[0;32m  OK  [0m] Started Network Service.
         Starting Wait for Network to be Configured...
         Starting Network Name Resolution...
[[0;32m  OK  [0m] Started Network Name Resolution.
[[0;32m  OK  [0m] Reached target Host and Network Name Lookups.
[[0;32m  OK  [0m] Reached target Network.
[[0;32m  OK  [0m] Started Wait for Network to be Configured.
         Starting Initial cloud-init job (metadata service crawler)...
[   13.041004] cloud-init[656]: Cloud-init v. 18.4-0ubuntu1~18.04.1 running 'init' at Mon, 18 Feb 2019 09:47:05 +0000. Up 12.71 seconds.
[   13.053388] cloud-init[656]: ci-info: ++++++++++++++++++++++++++++++++++++++Net device info++++++++++++++++++++++++++++++++++++++
[   13.120423] cloud-init[656]: ci-info: +--------+------+----------------------------+---------------+--------+-------------------+
[   13.172550] cloud-init[656]: ci-info: | Device |  Up  |          Address           |      Mask     | Scope  |     Hw-Address    |
[   13.197870] cloud-init[656]: ci-info: +--------+------+----------------------------+---------------+--------+-------------------+
[   13.204460] cloud-init[656]: ci-info: | enp0s3 | True |         10.0.2.15          | 255.255.255.0 | global | 02:88:80:28:66:3a |
[   13.239760] cloud-init[656]: ci-info: | enp0s3 | True | fe80::88:80ff:fe28:663a/64 |       .       |  link  | 02:88:80:28:66:3a |
[   13.249642] cloud-init[656]: ci-info: |   lo   | True |         127.0.0.1          |   255.0.0.0   |  host  |         .         |
[   13.276611] cloud-init[656]: ci-info: |   lo   | True |          ::1/128           |       .       |  host  |         .         |
[   13.326974] cloud-init[656]: ci-info: +--------+------+----------------------------+---------------+--------+-------------------+
[   13.365790] cloud-init[656]: ci-info: ++++++++++++++++++++++++++++Route IPv4 info+++++++++++++++++++++++++++++
[   13.370478] cloud-init[656]: ci-info: +-------+-------------+----------+-----------------+-----------+-------+
[[0;32m  OK  [0m] Started Initial cloud-init job (metadata service crawler).
[   13.410027] cloud-init[656]: ci-info: | Route | Destination | Gateway  |     Genmask     | Interface | Flags |
[[0;32m  OK  [0m] Reached target System Initialization.
[   13.466545] cloud-init[656]: ci-info: +-------+-------------+----------+-----------------+-----------+-------+
[[0;32m  OK  [0m] Started Clean PHP session files every 30 mins.
[   13.523535] [[0;32m  OK  [0m] Started Discard unused blocks once a week.
cloud-init[656]: ci-info: |   0   |   0.0.0.0   | 10.0.2.2 |     0.0.0.0     |   enp0s3  |   UG  |
         Starting Socket activation for snappy daemon.
         Starting LXD - unix socket.
[[0;32m  OK  [0m] Listening on Open-iSCSI iscsid Socket.
[   13.594215] [[0;32m  OK  [0m] Started Daily Cleanup of Temporary Directories.
cloud-init[656]: ci-info: |   1   |   10.0.2.0  | 0.0.0.0  |  255.255.255.0  |   enp0s3  |   U   |
[[0;32m  OK  [0m] Listening on D-Bus System Message Bus Socket.
[   13.690016] cloud-init[656]: ci-info: |   2   |   10.0.2.2  | 0.0.0.0  | 255.255.255.255 |   enp0s3  |   UH  |
[[0;32m  OK  [0m] Started ACPI Events Check.
[   13.717956] [[0;32m  OK  [0m] Reached target Paths.
cloud-init[[0;32m  OK  [0m] Started Daily apt download activities.
[656]: [ci-info: +-------+-------------+----------+-----------------+-----------+-------+[0;32m  OK  [0m
] Started Daily apt upgrade and clean activities.
[[0;32m  OK  [0m] Started Message of the Day.
[   13.767296] cloud-init[[656]: [0;32m  OK  [0mci-info: +++++++++++++++++++Route IPv6 info+++++++++++++++++++] 
Listening on UUID daemon activation socket.
[[0;32m  OK  [0m] Reached target Timers.
[   13.810076] [[0;32m  OK  [0m] Listening on ACPID Listen Socket.
cloud-init[656]: ci-info: +-------+-------------+---------+-----------+-------+
[[0;32m  OK  [0m] Reached target Network is Online.
[   13.853790] cloud-init[[0;32m  OK  [0m] Reached target Remote File Systems (Pre).
[656]: ci-info: | Route | Destination | Gateway | Interface | Flags |
[[0;32m  OK  [0m] Reached target Remote File Systems.
[   13.877193] cloud-init[656]: ci-info: +-------+-------------+---------+-----------+-------+
         Starting Availability of block devices...
[   13.939235] [[0;32m  OK  [0m] Reached target Cloud-config availability.
cloud-init[[0;32m  OK  [0m] Listening on Socket activation for snappy daemon.
[656]: ci-info: |   1   |  fe80::/64  |    ::   |   enp0s3  |   U   |
[   14.024974] [[0;32m  OK  [0m] Listening on LXD - unix socket.
cloud-init[656]: ci-info: |   3   |    local    |    ::   |   enp0s3  |   U   |
[[0;32m  OK  [0m] Started Availability of block devices.
[   14.065414] [[0;32m  OK  [0m] Reached target Sockets.
cloud-init[656]: ci-info: |   4   |   ff00::/8  |    ::   |   enp0s3  |   U   |
[[0;32m  OK  [0m] Reached target Basic System.
[   14.150630] cloud-init[656]: ci-info: +-------+-------------+---------+-----------+-------+
         Starting MariaDB 10.3.12 database server...
         Starting System Logging Service...
         Starting Dispatcher daemon for systemd-networkd...
[[0;32m  OK  [0m] Started irqbalance daemon.
[[0;32m  OK  [0m] Started Regular background program processing daemon.
         Starting Clean php session files...
         Starting Accounts Service...
         Starting OpenBSD Secure Shell server...
         Starting Virtualbox guest utils...
[[0;32m  OK  [0m] Started D-Bus System Message Bus.
         Starting Login Service...
         Starting LXD - container startup/shutdown...
         Starting LSB: automatic crash report generation...
[[0;32m  OK  [0m] Started FUSE filesystem for LXC.
[[0;32m  OK  [0m] Started Deferred execution scheduler.
         Starting The Apache HTTP Server...
         Starting Permit User Sessions...
         Starting LSB: Record successful boot for GRUB...
         Starting Snappy daemon...
[[0;32m  OK  [0m] Started System Logging Service.
[[0;32m  OK  [0m] Started Dispatcher daemon for systemd-networkd.
[[0;32m  OK  [0m] Started Permit User Sessions.
[[0;32m  OK  [0m] Started OpenBSD Secure Shell server.
[[0;32m  OK  [0m] Started Login Service.
[[0;32m  OK  [0m] Started LXD - container startup/shutdown.
[[0;32m  OK  [0m] Started Snappy daemon.
[[0;32m  OK  [0m] Started LSB: automatic crash report generation.
[[0;32m  OK  [0m] Started LSB: Record successful boot for GRUB.
[[0;32m  OK  [0m] Started Virtualbox guest utils.
         Starting Wait until snapd is fully seeded...
         Starting Authorization Manager...
[[0;32m  OK  [0m] Started Unattended Upgrades Shutdown.
         Starting Hold until boot process finishes up...
         Starting Terminate Plymouth Boot Screen...
[[0;32m  OK  [0m] Started Hold until boot process finishes up.
         Starting Set console scheme...
[[0;32m  OK  [0m] Started Serial Getty on ttyS0.
[[0;32m  OK  [0m] Started Terminate Plymouth Boot Screen.
[[0;32m  OK  [0m] Started Authorization Manager.
[[0;32m  OK  [0m] Started Set console scheme.
[[0;32m  OK  [0m] Created slice system-getty.slice.
[[0;32m  OK  [0m] Started Getty on tty1.
[[0;32m  OK  [0m] Reached target Login Prompts.
[[0;32m  OK  [0m] Started Accounts Service.
[[0;32m  OK  [0m] Started Wait until snapd is fully seeded.
         Starting Apply the settings specified in cloud-config...
[[0;32m  OK  [0m] Started Clean php session files.
[[0;32m  OK  [0m] Started The Apache HTTP Server.
[[0;32m  OK  [0m] Created slice User Slice of vagrant.
         Starting User Manager for UID 1000...
[[0;32m  OK  [0m] Started Session 1 of user vagrant.
[[0;32m  OK  [0m] Started User Manager for UID 1000.
[   17.231032] cloud-init[1117]: Cloud-init v. 18.4-0ubuntu1~18.04.1 running 'modules:config' at Mon, 18 Feb 2019 09:47:09 +0000. Up 17.04 seconds.
[[0;32m  OK  [0m] Started Apply the settings specified in cloud-config.
[[0;32m  OK  [0m] Started MariaDB 10.3.12 database server.
[[0;32m  OK  [0m] Reached target Multi-User System.
[[0;32m  OK  [0m] Reached target Graphical Interface.
         Starting Update UTMP about System Runlevel Changes...
         Starting Execute cloud user/final scripts...
[[0;32m  OK  [0m] Started Update UTMP about System Runlevel Changes.
[   18.517730] cloud-init[1399]: Cloud-init v. 18.4-0ubuntu1~18.04.1 running 'modules:final' at Mon, 18 Feb 2019 09:47:11 +0000. Up 18.32 seconds.
[   18.533426] cloud-init[1399]: Cloud-init v. 18.4-0ubuntu1~18.04.1 finished at Mon, 18 Feb 2019 09:47:11 +0000. Datasource DataSourceNoCloud [seed=/dev/sdb][dsmode=net].  Up 18.50 seconds
[[0;32m  OK  [0m] Started Execute cloud user/final scripts.
[[0;32m  OK  [0m] Reached target Cloud-init target.

Ubuntu 18.04.2 LTS ubuntu-bionic ttyS0

ubuntu-bionic login: [[0;32m  OK  [0m] Stopped target Graphical Interface.
         Stopping Availability of block devices...
         Stopping Session 24 of user vagrant.
[[0;32m  OK  [0m] Closed Load/S          Stopping irqbalance daemon...
         Stopping Authorization Manager...
         Stopping Unattended Upgrades Shutdown...
         Stopping Dispatcher daemon for systemd-networkd...
         Stopping System Logging Service...
         Stopping MariaDB 10.3.12 database server...
         Stopping The Apache HTTP Server...
[[0;32m  OK  [0m] Stopped Message of the Day.
[[0;32m  OK  [0m] Stopped Wait until snapd is fully seeded.
[[0;32m  OK  [0m] Stopped Clean PHP session files every 30 mins.
[[0;32m  OK  [0m] Stopped target System Time Synchronized.
         Stopping User Manager for UID 1000...
[[0;32m  OK  [0m] Unmounted /var/lib/lxcfs.
[[0;32m  OK  [0m] Stopped System Logging Service.
[[0;32m  OK  [0m] Stopped Dispatcher daemon for systemd-networkd.
[[0;32m  OK  [0m] Stopped irqbalance daemon.
[[0;32m  OK  [0m] Stopped Regular background program processing daemon.
[[0;32m  OK  [0m] Stopped Accounts Service.
[[0;32m  OK  [0m] Stopped Deferred execution scheduler.
[[0;32m  OK  [0m] Stopped OpenBSD Secure Shell server.
[[0;32m  OK  [0m] Stopped Authorization Manager.
[[0;32m  OK  [0m] Stopped Unattended Upgrades Shutdown.
[[0;32m  OK  [0m] Stopped Serial Getty on ttyS0.
[[0;32m  OK  [0m] Stopped Getty on tty1.
[[0;32m  OK  [0m] Stopped User Manager for UID 1000.
[[0;32m  OK  [0m] Stopped Availability of block devices.
[[0;32m  OK  [0m] Stopped D-Bus System Message Bus.
[[0;32m  OK  [0m] Stopped FUSE filesystem for LXC.
[[0;32m  OK  [0m] Stopped The Apache HTTP Server.
[[0;32m  OK  [0m] Stopped Session 24 of user vagrant.
[[0;32m  OK  [0m] Stopped LXD - container startup/shutdown.
[[0;32m  OK  [0m] Stopped Virtualbox guest utils.
[[0;32m  OK  [0m] Stopped target Host and Network Name Lookups.
[[0;32m  OK  [0m] Removed slice User Slice of vagrant.
[[0;32m  OK  [0m] Removed slice system-getty.slice.
[[0;32m  OK  [0m] Removed slice system-serial\x2dgetty.slice.
         Stopping Permit User Sessions...
         Stopping Login Service...
[[0;32m  OK  [0m] Stopped LSB: automatic crash report generation.
[[0;32m  OK  [0m] Stopped LSB: Record successful boot for GRUB.
[[0;32m  OK  [0m] Stopped Permit User Sessions.
[[0;32m  OK  [0m] Stopped target Remote File Systems.
[[0;32m  OK  [0m] Stopped target Remote File Systems (Pre).
[[0;32m  OK  [0m] Stopped Login Service.
[[0;32m  OK  [0m] Stopped target User and Group Name Lookups.
[[0;32m  OK  [0m] Stopped MariaDB 10.3.12 database server.
[[0;32m  OK  [0m] Stopped target Network.
         Stopping Network Name Resolution...
[[0;32m  OK  [0m] Stopped target Basic System.
[[0;32m  OK  [0m] Stopped target Slices.
[[0;32m  OK  [0m] Removed slice User and Session Slice.
[[0;32m  OK  [0m] Stopped target Paths.
[[0;32m  OK  [0m] Stopped ACPI Events Check.
[[0;32m  OK  [0m] Stopped target Sockets.
[[0;32m  OK  [0m] Closed D-Bus System Message Bus Socket.
[[0;32m  OK  [0m] Closed LXD - unix socket.
[[0;32m  OK  [0m] Closed Socket activation for snappy daemon.
[[0;32m  OK  [0m] Closed Syslog Socket.
[[0;32m  OK  [0m] Closed Open-iSCSI iscsid Socket.
[[0;32m  OK  [0m] Closed UUID daemon activation socket.
[[0;32m  OK  [0m] Closed ACPID Listen Socket.
[[0;32m  OK  [0m] Stopped target System Initialization.
         Stopping Load/Save Random Seed...
[[0;32m  OK  [0m] Stopped Initial cloud-init job (metadata service crawler).
[[0;32m  OK  [0m] Stopped Wait for Network to be Configured.
[[0;32m  OK  [0m] Stopped target Local Encrypted Volumes.
[[0;32m  OK  [0m] Stopped Dispatch Password Requests to Console Directory Watch.
[[0;32m  OK  [0m] Stopped Forward Password Requests to Wall Directory Watch.
         Stopping Update UTMP about System Boot/Shutdown...
[[0;32m  OK  [0m] Stopped Network Name Resolution.
[[0;32m  OK  [0m] Stopped Load/Save Random Seed.
[[0;32m  OK  [0m] Stopped Update UTMP about System Boot/Shutdown.
         Stopping Network Service...
[[0;32m  OK  [0m] Stopped Create Volatile Files and Directories.
[[0;32m  OK  [0m] Stopped target Local File Systems.
         Unmounting /run/user/1000...
         Unmounting /var/www/html...
         Unmounting /vagrant...
[[0;32m  OK  [0m] Stopped Network Service.
[[0;32m  OK  [0m] Unmounted /run/user/1000.
[[0;32m  OK  [0m] Unmounted /var/www/html.
[[0;32m  OK  [0m] Stopped target Swap.
[[0;32m  OK  [0m] Stopped Apply Kernel Variables.
[[0;32m  OK  [0m] Stopped Load Kernel Modules.
[[0;32m  OK  [0m] Stopped target Network (Pre).
[[0;32m  OK  [0m] Stopped Initial cloud-init job (pre-networking).
[[0;32m  OK  [0m] Unmounted /vagrant.
[[0;32m  OK  [0m] Reached target Unmount All Filesystems.
[[0;32m  OK  [0m] Stopped target Local File Systems (Pre).
         Stopping Monitoring of LVM2 mirrors…ng dmeventd or progress polling...
[[0;32m  OK  [0m] Stopped Create Static Device Nodes in /dev.
[[0;32m  OK  [0m] Stopped Remount Root and Kernel File Systems.
[[0;32m  OK  [0m] Reached target Shutdown.
[[0;32m  OK  [0m] Reached target Final Step.
         Starting Power-Off...
[[0;32m  OK  [0m] Stopped Monitoring of LVM2 mirrors,…sing dmeventd or progress polling.
         Stopping LVM2 metadata daemon...
[[0;32m  OK  [0m] Stopped LVM2 metadata daemon.
[22612.105228] reboot: Power down
